mode: set
cipher/simple_cipher.go:16.25,21.2 1 1
cipher/simple_cipher.go:23.36,25.22 2 1
cipher/simple_cipher.go:25.22,27.3 1 1
cipher/simple_cipher.go:29.2,31.3 1 1
cipher/simple_cipher.go:34.44,38.34 3 1
cipher/simple_cipher.go:38.34,40.16 2 1
cipher/simple_cipher.go:40.16,43.4 2 1
cipher/simple_cipher.go:45.3,45.16 1 1
cipher/simple_cipher.go:45.16,48.4 2 1
cipher/simple_cipher.go:49.3,49.25 1 1
cipher/simple_cipher.go:52.2,52.16 1 1
cipher/simple_cipher.go:55.44,58.34 3 1
cipher/simple_cipher.go:58.34,60.16 2 1
cipher/simple_cipher.go:60.16,63.4 2 1
cipher/simple_cipher.go:65.3,65.16 1 1
cipher/simple_cipher.go:65.16,68.4 2 1
cipher/simple_cipher.go:69.3,69.25 1 1
cipher/simple_cipher.go:72.2,72.16 1 1
cipher/simple_cipher.go:79.37,80.22 1 1
cipher/simple_cipher.go:80.22,82.3 1 1
cipher/simple_cipher.go:83.2,85.3 1 1
cipher/simple_cipher.go:88.47,93.27 4 1
cipher/simple_cipher.go:93.27,99.3 5 1
cipher/simple_cipher.go:101.2,101.15 1 1
cipher/simple_cipher.go:104.47,110.27 4 1
cipher/simple_cipher.go:110.27,116.32 4 1
cipher/simple_cipher.go:116.32,117.23 1 1
cipher/simple_cipher.go:117.23,119.5 1 1
cipher/simple_cipher.go:123.2,123.15 1 1
cipher/simple_cipher.go:126.38,131.27 4 1
cipher/simple_cipher.go:131.27,132.27 1 1
cipher/simple_cipher.go:132.27,134.4 1 1
cipher/simple_cipher.go:137.2,137.18 1 1
cipher/simple_cipher.go:140.34,141.19 1 1
cipher/simple_cipher.go:141.19,143.3 1 1
cipher/simple_cipher.go:144.2,144.16 1 1
cipher/simple_cipher.go:144.16,146.3 1 1
cipher/simple_cipher.go:148.2,149.24 2 1
cipher/simple_cipher.go:149.24,150.30 1 1
cipher/simple_cipher.go:150.30,152.4 1 1
cipher/simple_cipher.go:153.3,153.25 1 1
cipher/simple_cipher.go:153.25,155.4 1 0
cipher/simple_cipher.go:157.3,157.27 1 1
cipher/simple_cipher.go:157.27,159.4 1 1
cipher/simple_cipher.go:161.3,161.26 1 1
cipher/simple_cipher.go:161.26,163.4 1 1
cipher/simple_cipher.go:165.3,165.11 1 1
cipher/simple_cipher.go:168.2,168.13 1 1
cipher/simple_cipher.go:171.31,173.26 2 1
cipher/simple_cipher.go:173.26,176.27 2 1
cipher/simple_cipher.go:176.27,180.4 3 1
cipher/simple_cipher.go:182.3,182.33 1 1
cipher/simple_cipher.go:185.2,185.15 1 1
